15:53:00 **** Incremental Build of configuration Debug for project Display ****
make all 
Building file: ../main.c
Invoking: AVR Compiler
avr-gcc -Wall -g2 -gstabs -O0 -fpack-struct -fshort-enums -ffunction-sections -fdata-sections -std=gnu99 -funsigned-char -funsigned-bitfields -mmcu=atmega32 -DF_CPU=8000000UL -MMD -MP -MF"main.d" -MT"main.o" -c -o "main.o" "../main.c"
In file included from ../main.c:9:
c:/winavr-20100110/lib/gcc/../../avr/include/util/delay.h:90:3: warning: #warning "Compiler optimizations disabled; functions from <util/delay.h> won't work as designed"
../main.c: In function 'init':
../main.c:54: warning: implicit declaration of function 'write_command'
../main.c: At top level:
../main.c:70: warning: conflicting types for 'write_command'
../main.c:54: warning: previous implicit declaration of 'write_command' was here
Finished building: ../main.c
 
Building target: Display.elf
Invoking: AVR C Linker
avr-gcc -Wl,-Map,Display.map -mmcu=atmega32 -o "Display.elf"  ./DIO_cfg.o ./DIO_prg.o ./SM.o ./main.o   
Finished building target: Display.elf
 
Invoking: AVR Create Extended Listing
avr-objdump -h -S Display.elf  >"Display.lss"
Finished building: Display.lss
 
Create Flash image (ihex format)
avr-objcopy -R .eeprom -R .fuse -R .lock -R .signature -O ihex Display.elf  "Display.hex"
Finished building: Display.hex
 
Invoking: Print Size
avr-size --format=avr --mcu=atmega32 Display.elf
AVR Memory Usage
----------------
Device: atmega32

Program:   12008 bytes (36.6% Full)
(.text + .data + .bootloader)

Data:        148 bytes (7.2% Full)
(.data + .bss + .noinit)


Finished building: sizedummy
 

15:53:01 Build Finished. 0 errors, 4 warnings. (took 719ms)

