21:29:44 **** Incremental Build of configuration Debug for project Timers_1 ****
make all 
Building file: ../main.c
Invoking: AVR Compiler
avr-gcc -Wall -g2 -gstabs -O0 -fpack-struct -fshort-enums -ffunction-sections -fdata-sections -std=gnu99 -funsigned-char -funsigned-bitfields -mmcu=atmega32 -DF_CPU=8000000UL -MMD -MP -MF"main.d" -MT"main.o" -c -o "main.o" "../main.c"
In file included from ../main.c:2:
c:/winavr-20100110/lib/gcc/../../avr/include/util/delay.h:90:3: warning: #warning "Compiler optimizations disabled; functions from <util/delay.h> won't work as designed"
Finished building: ../main.c
 
Building target: Timers_1.elf
Invoking: AVR C Linker
avr-gcc -Wl,-Map,Timers_1.map -mmcu=atmega32 -o "Timers_1.elf"  ./DIO_cfg.o ./DIO_prg.o ./main.o   
Finished building target: Timers_1.elf
 
Invoking: AVR Create Extended Listing
avr-objdump -h -S Timers_1.elf  >"Timers_1.lss"
Finished building: Timers_1.lss
 
Create Flash image (ihex format)
avr-objcopy -R .eeprom -R .fuse -R .lock -R .signature -O ihex Timers_1.elf  "Timers_1.hex"
Finished building: Timers_1.hex
 
Invoking: Print Size
avr-size --format=avr --mcu=atmega32 Timers_1.elf
AVR Memory Usage
----------------
Device: atmega32

Program:    2748 bytes (8.4% Full)
(.text + .data + .bootloader)

Data:         44 bytes (2.1% Full)
(.data + .bss + .noinit)


Finished building: sizedummy
 

21:29:45 Build Finished. 0 errors, 1 warnings. (took 780ms)

